

 SAP2000 v14.2.2 Advanced (Analysis Build 8851/32)
 File: C:\Users\user2\Google D...Printing\Vibration\Eight\SAP2000\Eight_100N.LOG




 B E G I N   A N A L Y S I S                                2019/04/03  23:37:44


 RUNNING ANALYSIS WITHIN THE GUI PROCESS
 USING THE ADVANCED SOLVER (PROVIDES LIMITED INSTABILITY INFORMATION)


 E L E M E N T   F O R M A T I O N                                      23:37:44



 L I N E A R   E Q U A T I O N   S O L U T I O N                        23:37:44

 FORMING STIFFNESS AT ZERO (UNSTRESSED) INITIAL CONDITIONS

 TOTAL NUMBER OF EQUILIBRIUM EQUATIONS     =         219
 NUMBER OF NON-ZERO STIFFNESS TERMS        =        1086

 NUMBER OF EIGENVALUES BELOW SHIFT         =           0


 E I G E N   M O D A L   A N A L Y S I S                                23:37:44

 CASE: MODAL

 USING STIFFNESS AT ZERO (UNSTRESSED) INITIAL CONDITIONS

 NUMBER OF STIFFNESS DEGREES OF FREEDOM    =         219
 NUMBER OF MASS DEGREES OF FREEDOM         =         219
 MAXIMUM NUMBER OF EIGEN MODES SOUGHT      =          12
 MINIMUM NUMBER OF EIGEN MODES SOUGHT      =           1
 NUMBER OF RESIDUAL-MASS MODES SOUGHT      =           0
 NUMBER OF SUBSPACE VECTORS USED           =          24
 RELATIVE CONVERGENCE TOLERANCE            =    1.00E-09

 FREQUENCY SHIFT  (CENTER) (CYC/TIME)      =     .000000
 FREQUENCY CUTOFF (RADIUS) (CYC/TIME)      =  -INFINITY-
 ALLOW AUTOMATIC FREQUENCY SHIFTING        =         YES


 Original stiffness at shift : EV= 0.0000000E+00, f=     .000000, T=  -INFINITY-
 Number of eigenvalues below shift =      0
 Found mode      1 of     12:  EV= 8.4239583E+02, f=    4.619322, T=    0.216482
 Found mode      2 of     12:  EV= 8.4239583E+02, f=    4.619322, T=    0.216482
 Found mode      3 of     12:  EV= 8.4239583E+02, f=    4.619322, T=    0.216482
 Found mode      4 of     12:  EV= 8.4239583E+02, f=    4.619322, T=    0.216482
 Found mode      5 of     12:  EV= 8.4239583E+02, f=    4.619322, T=    0.216482
 Found mode      6 of     12:  EV= 8.4239583E+02, f=    4.619322, T=    0.216482
 Found mode      7 of     12:  EV= 8.4239584E+02, f=    4.619322, T=    0.216482
 Found mode      8 of     12:  EV= 8.4239584E+02, f=    4.619322, T=    0.216482
 Found mode      9 of     12:  EV= 8.4239584E+02, f=    4.619322, T=    0.216482
 Found mode     10 of     12:  EV= 8.4239584E+02, f=    4.619322, T=    0.216482
 Found mode     11 of     12:  EV= 8.4239584E+02, f=    4.619322, T=    0.216482
 Found mode     12 of     12:  EV= 8.4239584E+02, f=    4.619322, T=    0.216482

 NUMBER OF EIGEN MODES FOUND               =          12
 NUMBER OF ITERATIONS PERFORMED            =           6
 NUMBER OF STIFFNESS SHIFTS                =           0


 A N A L Y S I S   C O M P L E T E                          2019/04/03  23:37:45
